/Users/simkaehwan/miniconda3/envs/quast/bin/quast.py assemblies/M0054.spades.step.fasta assemblies/M0055.spades.step.fasta assemblies/M0056.spades.step.fasta assemblies/M0057.spades.step.fasta assemblies/M0058.spades.step.fasta assemblies/M0059.spades.step.fasta assemblies/M0060.spades.step.fasta assemblies/M0061.spades.step.fasta assemblies/M0062.spades.step.fasta assemblies/M0063.spades.step.fasta assemblies/M0064.spades.step.fasta assemblies/M0065.spades.step.fasta assemblies/M0066.spades.step.fasta assemblies/M0067.spades.step.fasta assemblies/M0068.spades.step.fasta assemblies/M0074.spades.step.fasta assemblies/M0075.spades.step.fasta assemblies/M0076.spades.step.fasta assemblies/M0077.spades.step.fasta assemblies/M0078.spades.step.fasta assemblies/M0088.spades.step.fasta assemblies/M0089.spades.step.fasta assemblies/M0090.spades.step.fasta assemblies/M0091.spades.step.fasta assemblies/M0092.spades.step.fasta assemblies/M0093.spades.step.fasta assemblies/M0094.spades.step.fasta assemblies/M0095.spades.step.fasta assemblies/M0096.spades.step.fasta assemblies/M0097.spades.step.fasta

Version: 5.0.2

System information:
  OS: Darwin-17.7.0-x86_64-i386-64bit (macosx)
  Python version: 3.7.12
  CPUs number: 8

Started: 2023-02-06 18:13:33

Logging to /Users/simkaehwan/Documents/Bioinfo/meta_results/gbs_meta_spike/quast_results/results_2023_02_06_18_13_33/quast.log
NOTICE: Maximum number of threads is set to 2 (use --threads option to set it manually)

CWD: /Users/simkaehwan/Documents/Bioinfo/meta_results/gbs_meta_spike
Main parameters: 
  MODE: default, threads: 2, minimum contig length: 500, minimum alignment length: 65, \
  ambiguity: one, threshold for extensive misassembly size: 1000

Contigs:
  Pre-processing...
  1  assemblies/M0054.spades.step.fasta ==> M0054.spades.step
  2  assemblies/M0055.spades.step.fasta ==> M0055.spades.step
  3  assemblies/M0056.spades.step.fasta ==> M0056.spades.step
  4  assemblies/M0057.spades.step.fasta ==> M0057.spades.step
  5  assemblies/M0058.spades.step.fasta ==> M0058.spades.step
  6  assemblies/M0059.spades.step.fasta ==> M0059.spades.step
  7  assemblies/M0060.spades.step.fasta ==> M0060.spades.step
  8  assemblies/M0061.spades.step.fasta ==> M0061.spades.step
  9  assemblies/M0062.spades.step.fasta ==> M0062.spades.step
  10 assemblies/M0063.spades.step.fasta ==> M0063.spades.step
  11 assemblies/M0064.spades.step.fasta ==> M0064.spades.step
  12 assemblies/M0065.spades.step.fasta ==> M0065.spades.step
  13 assemblies/M0066.spades.step.fasta ==> M0066.spades.step
  14 assemblies/M0067.spades.step.fasta ==> M0067.spades.step
  15 assemblies/M0068.spades.step.fasta ==> M0068.spades.step
  16 assemblies/M0074.spades.step.fasta ==> M0074.spades.step
  17 assemblies/M0075.spades.step.fasta ==> M0075.spades.step
  18 assemblies/M0076.spades.step.fasta ==> M0076.spades.step
  19 assemblies/M0077.spades.step.fasta ==> M0077.spades.step
  20 assemblies/M0078.spades.step.fasta ==> M0078.spades.step
  21 assemblies/M0088.spades.step.fasta ==> M0088.spades.step
  22 assemblies/M0089.spades.step.fasta ==> M0089.spades.step
  23 assemblies/M0090.spades.step.fasta ==> M0090.spades.step
  24 assemblies/M0091.spades.step.fasta ==> M0091.spades.step
  25 assemblies/M0092.spades.step.fasta ==> M0092.spades.step
  26 assemblies/M0093.spades.step.fasta ==> M0093.spades.step
  27 assemblies/M0094.spades.step.fasta ==> M0094.spades.step
  28 assemblies/M0095.spades.step.fasta ==> M0095.spades.step
  29 assemblies/M0096.spades.step.fasta ==> M0096.spades.step
  30 assemblies/M0097.spades.step.fasta ==> M0097.spades.step

2023-02-06 18:13:37
Running Basic statistics processor...
  Contig files: 
    1  M0054.spades.step
    2  M0055.spades.step
    3  M0056.spades.step
    4  M0057.spades.step
    5  M0058.spades.step
    6  M0059.spades.step
    7  M0060.spades.step
    8  M0061.spades.step
    9  M0062.spades.step
    10 M0063.spades.step
    11 M0064.spades.step
    12 M0065.spades.step
    13 M0066.spades.step
    14 M0067.spades.step
    15 M0068.spades.step
    16 M0074.spades.step
    17 M0075.spades.step
    18 M0076.spades.step
    19 M0077.spades.step
    20 M0078.spades.step
    21 M0088.spades.step
    22 M0089.spades.step
    23 M0090.spades.step
    24 M0091.spades.step
    25 M0092.spades.step
    26 M0093.spades.step
    27 M0094.spades.step
    28 M0095.spades.step
    29 M0096.spades.step
    30 M0097.spades.step
  Calculating N50 and L50...
    1  M0054.spades.step, N50 = 2149, L50 = 8, Total length = 65641, GC % = 41.17, # N's per 100 kbp =  150.82
    2  M0055.spades.step, N50 = 2125, L50 = 9, Total length = 62691, GC % = 41.58, # N's per 100 kbp =  146.75
    3  M0056.spades.step, N50 = 1801, L50 = 10, Total length = 61360, GC % = 41.01, # N's per 100 kbp =  96.15
    4  M0057.spades.step, N50 = 1637, L50 = 172, Total length = 841136, GC % = 37.03, # N's per 100 kbp =  16.64
    5  M0058.spades.step, N50 = 229388, L50 = 3, Total length = 2037965, GC % = 35.30, # N's per 100 kbp =  7.16
    6  M0059.spades.step, N50 = 1587, L50 = 12, Total length = 78222, GC % = 39.57, # N's per 100 kbp =  141.90
    7  M0060.spades.step, N50 = 1401, L50 = 101, Total length = 394186, GC % = 35.94, # N's per 100 kbp =  81.94
    8  M0061.spades.step, N50 = 152679, L50 = 5, Total length = 2048428, GC % = 35.28, # N's per 100 kbp =  5.76
    9  M0062.spades.step, N50 = 472405, L50 = 2, Total length = 2032487, GC % = 35.23, # N's per 100 kbp =  7.08
    10 M0063.spades.step, N50 = 229388, L50 = 3, Total length = 2028932, GC % = 35.23, # N's per 100 kbp =  0.99
    11 M0064.spades.step, N50 = 1671, L50 = 9, Total length = 58971, GC % = 41.48, # N's per 100 kbp =  67.83
    12 M0065.spades.step, N50 = 1513, L50 = 14, Total length = 69864, GC % = 40.16, # N's per 100 kbp =  57.25
    13 M0066.spades.step, N50 = 1444, L50 = 81, Total length = 346137, GC % = 35.91, # N's per 100 kbp =  25.71
    14 M0067.spades.step, N50 = 24820, L50 = 24, Total length = 2014214, GC % = 35.28, # N's per 100 kbp =  10.13
    15 M0068.spades.step, N50 = 180343, L50 = 3, Total length = 2032717, GC % = 35.29, # N's per 100 kbp =  1.97
    16 M0074.spades.step, N50 = 1952, L50 = 3, Total length = 15953, GC % = 44.78, # N's per 100 kbp =  438.79
    17 M0075.spades.step, N50 = 1217, L50 = 38, Total length = 125522, GC % = 36.71, # N's per 100 kbp =  170.49
    18 M0076.spades.step, N50 = 115858, L50 = 6, Total length = 1994879, GC % = 35.17, # N's per 100 kbp =  8.22
    19 M0077.spades.step, N50 = 229388, L50 = 3, Total length = 1996915, GC % = 35.19, # N's per 100 kbp =  2.50
    20 M0078.spades.step, N50 = 229388, L50 = 3, Total length = 1994420, GC % = 35.18, # N's per 100 kbp =  5.06
    21 M0088.spades.step, N50 = 2994, L50 = 9, Total length = 99339, GC % = 38.28, # N's per 100 kbp =  10.07
    22 M0089.spades.step, N50 = 1827, L50 = 10, Total length = 86684, GC % = 38.87, # N's per 100 kbp =  11.54
    23 M0090.spades.step, N50 = 2222, L50 = 13, Total length = 110260, GC % = 38.02, # N's per 100 kbp =  9.07
    24 M0091.spades.step, N50 = 2031, L50 = 15, Total length = 144388, GC % = 38.07, # N's per 100 kbp =  13.85
    25 M0092.spades.step, N50 = 62285, L50 = 11, Total length = 2089691, GC % = 35.24, # N's per 100 kbp =  0.48
    26 M0093.spades.step, N50 = 2945, L50 = 20, Total length = 222842, GC % = 38.66, # N's per 100 kbp =  8.97
    27 M0094.spades.step, N50 = 2986, L50 = 24, Total length = 254044, GC % = 38.34, # N's per 100 kbp =  50.38
    28 M0095.spades.step, N50 = 1734, L50 = 208, Total length = 1136748, GC % = 36.19, # N's per 100 kbp =  5.28
    29 M0096.spades.step, N50 = 152823, L50 = 3, Total length = 2238248, GC % = 35.49, # N's per 100 kbp =  5.36
    30 M0097.spades.step, N50 = 229387, L50 = 3, Total length = 2206624, GC % = 35.47, # N's per 100 kbp =  4.35
  Drawing Nx plot...
    saved to /Users/simkaehwan/Documents/Bioinfo/meta_results/gbs_meta_spike/quast_results/results_2023_02_06_18_13_33/basic_stats/Nx_plot.pdf
  Drawing cumulative plot...
    saved to /Users/simkaehwan/Documents/Bioinfo/meta_results/gbs_meta_spike/quast_results/results_2023_02_06_18_13_33/basic_stats/cumulative_plot.pdf
  Drawing GC content plot...
    saved to /Users/simkaehwan/Documents/Bioinfo/meta_results/gbs_meta_spike/quast_results/results_2023_02_06_18_13_33/basic_stats/GC_content_plot.pdf
  Drawing M0054.spades.step GC content plot...
    saved to /Users/simkaehwan/Documents/Bioinfo/meta_results/gbs_meta_spike/quast_results/results_2023_02_06_18_13_33/basic_stats/M0054.spades.step_GC_content_plot.pdf
  Drawing M0055.spades.step GC content plot...
    saved to /Users/simkaehwan/Documents/Bioinfo/meta_results/gbs_meta_spike/quast_results/results_2023_02_06_18_13_33/basic_stats/M0055.spades.step_GC_content_plot.pdf
  Drawing M0056.spades.step GC content plot...
    saved to /Users/simkaehwan/Documents/Bioinfo/meta_results/gbs_meta_spike/quast_results/results_2023_02_06_18_13_33/basic_stats/M0056.spades.step_GC_content_plot.pdf
  Drawing M0057.spades.step GC content plot...
    saved to /Users/simkaehwan/Documents/Bioinfo/meta_results/gbs_meta_spike/quast_results/results_2023_02_06_18_13_33/basic_stats/M0057.spades.step_GC_content_plot.pdf
  Drawing M0058.spades.step GC content plot...
    saved to /Users/simkaehwan/Documents/Bioinfo/meta_results/gbs_meta_spike/quast_results/results_2023_02_06_18_13_33/basic_stats/M0058.spades.step_GC_content_plot.pdf
  Drawing M0059.spades.step GC content plot...
    saved to /Users/simkaehwan/Documents/Bioinfo/meta_results/gbs_meta_spike/quast_results/results_2023_02_06_18_13_33/basic_stats/M0059.spades.step_GC_content_plot.pdf
  Drawing M0060.spades.step GC content plot...
    saved to /Users/simkaehwan/Documents/Bioinfo/meta_results/gbs_meta_spike/quast_results/results_2023_02_06_18_13_33/basic_stats/M0060.spades.step_GC_content_plot.pdf
  Drawing M0061.spades.step GC content plot...
    saved to /Users/simkaehwan/Documents/Bioinfo/meta_results/gbs_meta_spike/quast_results/results_2023_02_06_18_13_33/basic_stats/M0061.spades.step_GC_content_plot.pdf
  Drawing M0062.spades.step GC content plot...
    saved to /Users/simkaehwan/Documents/Bioinfo/meta_results/gbs_meta_spike/quast_results/results_2023_02_06_18_13_33/basic_stats/M0062.spades.step_GC_content_plot.pdf
  Drawing M0063.spades.step GC content plot...
    saved to /Users/simkaehwan/Documents/Bioinfo/meta_results/gbs_meta_spike/quast_results/results_2023_02_06_18_13_33/basic_stats/M0063.spades.step_GC_content_plot.pdf
  Drawing M0064.spades.step GC content plot...
    saved to /Users/simkaehwan/Documents/Bioinfo/meta_results/gbs_meta_spike/quast_results/results_2023_02_06_18_13_33/basic_stats/M0064.spades.step_GC_content_plot.pdf
  Drawing M0065.spades.step GC content plot...
    saved to /Users/simkaehwan/Documents/Bioinfo/meta_results/gbs_meta_spike/quast_results/results_2023_02_06_18_13_33/basic_stats/M0065.spades.step_GC_content_plot.pdf
  Drawing M0066.spades.step GC content plot...
    saved to /Users/simkaehwan/Documents/Bioinfo/meta_results/gbs_meta_spike/quast_results/results_2023_02_06_18_13_33/basic_stats/M0066.spades.step_GC_content_plot.pdf
  Drawing M0067.spades.step GC content plot...
    saved to /Users/simkaehwan/Documents/Bioinfo/meta_results/gbs_meta_spike/quast_results/results_2023_02_06_18_13_33/basic_stats/M0067.spades.step_GC_content_plot.pdf
  Drawing M0068.spades.step GC content plot...
    saved to /Users/simkaehwan/Documents/Bioinfo/meta_results/gbs_meta_spike/quast_results/results_2023_02_06_18_13_33/basic_stats/M0068.spades.step_GC_content_plot.pdf
  Drawing M0074.spades.step GC content plot...
    saved to /Users/simkaehwan/Documents/Bioinfo/meta_results/gbs_meta_spike/quast_results/results_2023_02_06_18_13_33/basic_stats/M0074.spades.step_GC_content_plot.pdf
  Drawing M0075.spades.step GC content plot...
    saved to /Users/simkaehwan/Documents/Bioinfo/meta_results/gbs_meta_spike/quast_results/results_2023_02_06_18_13_33/basic_stats/M0075.spades.step_GC_content_plot.pdf
  Drawing M0076.spades.step GC content plot...
    saved to /Users/simkaehwan/Documents/Bioinfo/meta_results/gbs_meta_spike/quast_results/results_2023_02_06_18_13_33/basic_stats/M0076.spades.step_GC_content_plot.pdf
  Drawing M0077.spades.step GC content plot...
    saved to /Users/simkaehwan/Documents/Bioinfo/meta_results/gbs_meta_spike/quast_results/results_2023_02_06_18_13_33/basic_stats/M0077.spades.step_GC_content_plot.pdf
  Drawing M0078.spades.step GC content plot...
    saved to /Users/simkaehwan/Documents/Bioinfo/meta_results/gbs_meta_spike/quast_results/results_2023_02_06_18_13_33/basic_stats/M0078.spades.step_GC_content_plot.pdf
  Drawing M0088.spades.step GC content plot...
    saved to /Users/simkaehwan/Documents/Bioinfo/meta_results/gbs_meta_spike/quast_results/results_2023_02_06_18_13_33/basic_stats/M0088.spades.step_GC_content_plot.pdf
  Drawing M0089.spades.step GC content plot...
    saved to /Users/simkaehwan/Documents/Bioinfo/meta_results/gbs_meta_spike/quast_results/results_2023_02_06_18_13_33/basic_stats/M0089.spades.step_GC_content_plot.pdf
  Drawing M0090.spades.step GC content plot...
    saved to /Users/simkaehwan/Documents/Bioinfo/meta_results/gbs_meta_spike/quast_results/results_2023_02_06_18_13_33/basic_stats/M0090.spades.step_GC_content_plot.pdf
  Drawing M0091.spades.step GC content plot...
    saved to /Users/simkaehwan/Documents/Bioinfo/meta_results/gbs_meta_spike/quast_results/results_2023_02_06_18_13_33/basic_stats/M0091.spades.step_GC_content_plot.pdf
  Drawing M0092.spades.step GC content plot...
    saved to /Users/simkaehwan/Documents/Bioinfo/meta_results/gbs_meta_spike/quast_results/results_2023_02_06_18_13_33/basic_stats/M0092.spades.step_GC_content_plot.pdf
  Drawing M0093.spades.step GC content plot...
    saved to /Users/simkaehwan/Documents/Bioinfo/meta_results/gbs_meta_spike/quast_results/results_2023_02_06_18_13_33/basic_stats/M0093.spades.step_GC_content_plot.pdf
  Drawing M0094.spades.step GC content plot...
    saved to /Users/simkaehwan/Documents/Bioinfo/meta_results/gbs_meta_spike/quast_results/results_2023_02_06_18_13_33/basic_stats/M0094.spades.step_GC_content_plot.pdf
  Drawing M0095.spades.step GC content plot...
    saved to /Users/simkaehwan/Documents/Bioinfo/meta_results/gbs_meta_spike/quast_results/results_2023_02_06_18_13_33/basic_stats/M0095.spades.step_GC_content_plot.pdf
  Drawing M0096.spades.step GC content plot...
    saved to /Users/simkaehwan/Documents/Bioinfo/meta_results/gbs_meta_spike/quast_results/results_2023_02_06_18_13_33/basic_stats/M0096.spades.step_GC_content_plot.pdf
  Drawing M0097.spades.step GC content plot...
    saved to /Users/simkaehwan/Documents/Bioinfo/meta_results/gbs_meta_spike/quast_results/results_2023_02_06_18_13_33/basic_stats/M0097.spades.step_GC_content_plot.pdf
  Drawing Coverage histogram (bin size: 1x)...
    saved to /Users/simkaehwan/Documents/Bioinfo/meta_results/gbs_meta_spike/quast_results/results_2023_02_06_18_13_33/basic_stats/coverage_histogram.pdf
  Drawing M0054.spades.step coverage histogram (bin size: 5x)...
    saved to /Users/simkaehwan/Documents/Bioinfo/meta_results/gbs_meta_spike/quast_results/results_2023_02_06_18_13_33/basic_stats/M0054-spades-step_coverage_histogram.pdf
  Drawing M0055.spades.step coverage histogram (bin size: 3x)...
    saved to /Users/simkaehwan/Documents/Bioinfo/meta_results/gbs_meta_spike/quast_results/results_2023_02_06_18_13_33/basic_stats/M0055-spades-step_coverage_histogram.pdf
  Drawing M0056.spades.step coverage histogram (bin size: 3x)...
    saved to /Users/simkaehwan/Documents/Bioinfo/meta_results/gbs_meta_spike/quast_results/results_2023_02_06_18_13_33/basic_stats/M0056-spades-step_coverage_histogram.pdf
  Drawing M0057.spades.step coverage histogram (bin size: 1x)...
    saved to /Users/simkaehwan/Documents/Bioinfo/meta_results/gbs_meta_spike/quast_results/results_2023_02_06_18_13_33/basic_stats/M0057-spades-step_coverage_histogram.pdf
  Drawing M0058.spades.step coverage histogram (bin size: 1x)...
    saved to /Users/simkaehwan/Documents/Bioinfo/meta_results/gbs_meta_spike/quast_results/results_2023_02_06_18_13_33/basic_stats/M0058-spades-step_coverage_histogram.pdf
  Drawing M0059.spades.step coverage histogram (bin size: 1x)...
    saved to /Users/simkaehwan/Documents/Bioinfo/meta_results/gbs_meta_spike/quast_results/results_2023_02_06_18_13_33/basic_stats/M0059-spades-step_coverage_histogram.pdf
  Drawing M0060.spades.step coverage histogram (bin size: 1x)...
    saved to /Users/simkaehwan/Documents/Bioinfo/meta_results/gbs_meta_spike/quast_results/results_2023_02_06_18_13_33/basic_stats/M0060-spades-step_coverage_histogram.pdf
  Drawing M0061.spades.step coverage histogram (bin size: 1x)...
    saved to /Users/simkaehwan/Documents/Bioinfo/meta_results/gbs_meta_spike/quast_results/results_2023_02_06_18_13_33/basic_stats/M0061-spades-step_coverage_histogram.pdf
  Drawing M0062.spades.step coverage histogram (bin size: 1x)...
    saved to /Users/simkaehwan/Documents/Bioinfo/meta_results/gbs_meta_spike/quast_results/results_2023_02_06_18_13_33/basic_stats/M0062-spades-step_coverage_histogram.pdf
  Drawing M0063.spades.step coverage histogram (bin size: 8x)...
    saved to /Users/simkaehwan/Documents/Bioinfo/meta_results/gbs_meta_spike/quast_results/results_2023_02_06_18_13_33/basic_stats/M0063-spades-step_coverage_histogram.pdf
  Drawing M0064.spades.step coverage histogram (bin size: 2x)...
    saved to /Users/simkaehwan/Documents/Bioinfo/meta_results/gbs_meta_spike/quast_results/results_2023_02_06_18_13_33/basic_stats/M0064-spades-step_coverage_histogram.pdf
  Drawing M0065.spades.step coverage histogram (bin size: 2x)...
    saved to /Users/simkaehwan/Documents/Bioinfo/meta_results/gbs_meta_spike/quast_results/results_2023_02_06_18_13_33/basic_stats/M0065-spades-step_coverage_histogram.pdf
  Drawing M0066.spades.step coverage histogram (bin size: 1x)...
    saved to /Users/simkaehwan/Documents/Bioinfo/meta_results/gbs_meta_spike/quast_results/results_2023_02_06_18_13_33/basic_stats/M0066-spades-step_coverage_histogram.pdf
  Drawing M0067.spades.step coverage histogram (bin size: 1x)...
    saved to /Users/simkaehwan/Documents/Bioinfo/meta_results/gbs_meta_spike/quast_results/results_2023_02_06_18_13_33/basic_stats/M0067-spades-step_coverage_histogram.pdf
  Drawing M0068.spades.step coverage histogram (bin size: 1x)...
    saved to /Users/simkaehwan/Documents/Bioinfo/meta_results/gbs_meta_spike/quast_results/results_2023_02_06_18_13_33/basic_stats/M0068-spades-step_coverage_histogram.pdf
  Drawing M0074.spades.step coverage histogram (bin size: 20x)...
    saved to /Users/simkaehwan/Documents/Bioinfo/meta_results/gbs_meta_spike/quast_results/results_2023_02_06_18_13_33/basic_stats/M0074-spades-step_coverage_histogram.pdf
  Drawing M0075.spades.step coverage histogram (bin size: 1x)...
    saved to /Users/simkaehwan/Documents/Bioinfo/meta_results/gbs_meta_spike/quast_results/results_2023_02_06_18_13_33/basic_stats/M0075-spades-step_coverage_histogram.pdf
  Drawing M0076.spades.step coverage histogram (bin size: 1x)...
    saved to /Users/simkaehwan/Documents/Bioinfo/meta_results/gbs_meta_spike/quast_results/results_2023_02_06_18_13_33/basic_stats/M0076-spades-step_coverage_histogram.pdf
  Drawing M0077.spades.step coverage histogram (bin size: 1x)...
    saved to /Users/simkaehwan/Documents/Bioinfo/meta_results/gbs_meta_spike/quast_results/results_2023_02_06_18_13_33/basic_stats/M0077-spades-step_coverage_histogram.pdf
  Drawing M0078.spades.step coverage histogram (bin size: 3x)...
    saved to /Users/simkaehwan/Documents/Bioinfo/meta_results/gbs_meta_spike/quast_results/results_2023_02_06_18_13_33/basic_stats/M0078-spades-step_coverage_histogram.pdf
  Drawing M0088.spades.step coverage histogram (bin size: 3x)...
    saved to /Users/simkaehwan/Documents/Bioinfo/meta_results/gbs_meta_spike/quast_results/results_2023_02_06_18_13_33/basic_stats/M0088-spades-step_coverage_histogram.pdf
  Drawing M0089.spades.step coverage histogram (bin size: 7x)...
    saved to /Users/simkaehwan/Documents/Bioinfo/meta_results/gbs_meta_spike/quast_results/results_2023_02_06_18_13_33/basic_stats/M0089-spades-step_coverage_histogram.pdf
  Drawing M0090.spades.step coverage histogram (bin size: 3x)...
    saved to /Users/simkaehwan/Documents/Bioinfo/meta_results/gbs_meta_spike/quast_results/results_2023_02_06_18_13_33/basic_stats/M0090-spades-step_coverage_histogram.pdf
  Drawing M0091.spades.step coverage histogram (bin size: 2x)...
    saved to /Users/simkaehwan/Documents/Bioinfo/meta_results/gbs_meta_spike/quast_results/results_2023_02_06_18_13_33/basic_stats/M0091-spades-step_coverage_histogram.pdf
  Drawing M0092.spades.step coverage histogram (bin size: 1x)...
    saved to /Users/simkaehwan/Documents/Bioinfo/meta_results/gbs_meta_spike/quast_results/results_2023_02_06_18_13_33/basic_stats/M0092-spades-step_coverage_histogram.pdf
  Drawing M0093.spades.step coverage histogram (bin size: 1x)...
    saved to /Users/simkaehwan/Documents/Bioinfo/meta_results/gbs_meta_spike/quast_results/results_2023_02_06_18_13_33/basic_stats/M0093-spades-step_coverage_histogram.pdf
  Drawing M0094.spades.step coverage histogram (bin size: 2x)...
    saved to /Users/simkaehwan/Documents/Bioinfo/meta_results/gbs_meta_spike/quast_results/results_2023_02_06_18_13_33/basic_stats/M0094-spades-step_coverage_histogram.pdf
  Drawing M0095.spades.step coverage histogram (bin size: 1x)...
    saved to /Users/simkaehwan/Documents/Bioinfo/meta_results/gbs_meta_spike/quast_results/results_2023_02_06_18_13_33/basic_stats/M0095-spades-step_coverage_histogram.pdf
  Drawing M0096.spades.step coverage histogram (bin size: 1x)...
    saved to /Users/simkaehwan/Documents/Bioinfo/meta_results/gbs_meta_spike/quast_results/results_2023_02_06_18_13_33/basic_stats/M0096-spades-step_coverage_histogram.pdf
  Drawing M0097.spades.step coverage histogram (bin size: 1x)...
    saved to /Users/simkaehwan/Documents/Bioinfo/meta_results/gbs_meta_spike/quast_results/results_2023_02_06_18_13_33/basic_stats/M0097-spades-step_coverage_histogram.pdf
Done.

NOTICE: Genes are not predicted by default. Use --gene-finding or --glimmer option to enable it.

2023-02-06 18:14:01
Creating large visual summaries...
This may take a while: press Ctrl-C to skip this step..
  1 of 2: Creating Icarus viewers...
  2 of 2: Creating PDF with all tables and plots...
Done

2023-02-06 18:14:14
RESULTS:
  Text versions of total report are saved to /Users/simkaehwan/Documents/Bioinfo/meta_results/gbs_meta_spike/quast_results/results_2023_02_06_18_13_33/report.txt, report.tsv, and report.tex
  Text versions of transposed total report are saved to /Users/simkaehwan/Documents/Bioinfo/meta_results/gbs_meta_spike/quast_results/results_2023_02_06_18_13_33/transposed_report.txt, transposed_report.tsv, and transposed_report.tex
  HTML version (interactive tables and plots) is saved to /Users/simkaehwan/Documents/Bioinfo/meta_results/gbs_meta_spike/quast_results/results_2023_02_06_18_13_33/report.html
  PDF version (tables and plots) is saved to /Users/simkaehwan/Documents/Bioinfo/meta_results/gbs_meta_spike/quast_results/results_2023_02_06_18_13_33/report.pdf
  Icarus (contig browser) is saved to /Users/simkaehwan/Documents/Bioinfo/meta_results/gbs_meta_spike/quast_results/results_2023_02_06_18_13_33/icarus.html
  Log is saved to /Users/simkaehwan/Documents/Bioinfo/meta_results/gbs_meta_spike/quast_results/results_2023_02_06_18_13_33/quast.log

Finished: 2023-02-06 18:14:15
Elapsed time: 0:00:41.150194
NOTICEs: 2; WARNINGs: 0; non-fatal ERRORs: 0

Thank you for using QUAST!
